{"/Users/allanrafael/Documents/Projetos/bluminers/src/screens/private/Deposit/index.tsx": {"path":"/Users/allanrafael/Documents/Projetos/bluminers/src/screens/private/Deposit/index.tsx","statementMap":{"0":{"start":{"line":21,"column":23},"end":{"line":153,"column":1}},"1":{"start":{"line":22,"column":32},"end":{"line":22,"column":47}},"2":{"start":{"line":23,"column":34},"end":{"line":23,"column":49}},"3":{"start":{"line":25,"column":23},"end":{"line":25,"column":57}},"4":{"start":{"line":27,"column":30},"end":{"line":27,"column":47}},"5":{"start":{"line":35,"column":6},"end":{"line":37,"column":4}},"6":{"start":{"line":39,"column":16},"end":{"line":42,"column":15}},"7":{"start":{"line":40,"column":4},"end":{"line":40,"column":35}},"8":{"start":{"line":40,"column":17},"end":{"line":40,"column":35}},"9":{"start":{"line":41,"column":4},"end":{"line":41,"column":22}},"10":{"start":{"line":44,"column":19},"end":{"line":45,"column":80}},"11":{"start":{"line":45,"column":4},"end":{"line":45,"column":80}},"12":{"start":{"line":47,"column":19},"end":{"line":83,"column":3}},"13":{"start":{"line":48,"column":4},"end":{"line":48,"column":22}},"14":{"start":{"line":49,"column":4},"end":{"line":49,"column":43}},"15":{"start":{"line":49,"column":19},"end":{"line":49,"column":43}},"16":{"start":{"line":50,"column":4},"end":{"line":50,"column":24}},"17":{"start":{"line":50,"column":18},"end":{"line":50,"column":24}},"18":{"start":{"line":52,"column":4},"end":{"line":82,"column":5}},"19":{"start":{"line":53,"column":24},"end":{"line":53,"column":44}},"20":{"start":{"line":55,"column":33},"end":{"line":60,"column":7}},"21":{"start":{"line":62,"column":6},"end":{"line":62,"column":29}},"22":{"start":{"line":64,"column":23},"end":{"line":64,"column":43}},"23":{"start":{"line":65,"column":30},"end":{"line":65,"column":65}},"24":{"start":{"line":67,"column":25},"end":{"line":70,"column":7}},"25":{"start":{"line":72,"column":6},"end":{"line":72,"column":24}},"26":{"start":{"line":74,"column":6},"end":{"line":74,"column":72}},"27":{"start":{"line":75,"column":6},"end":{"line":75,"column":13}},"28":{"start":{"line":77,"column":6},"end":{"line":81,"column":7}},"29":{"start":{"line":78,"column":8},"end":{"line":80,"column":10}},"30":{"start":{"line":85,"column":2},"end":{"line":152,"column":3}},"31":{"start":{"line":102,"column":10},"end":{"line":107,"column":12}},"32":{"start":{"line":155,"column":15},"end":{"line":197,"column":2}}},"fnMap":{"0":{"name":"(anonymous_0)","decl":{"start":{"line":21,"column":23},"end":{"line":21,"column":24}},"loc":{"start":{"line":21,"column":29},"end":{"line":153,"column":1}},"line":21},"1":{"name":"(anonymous_1)","decl":{"start":{"line":39,"column":24},"end":{"line":39,"column":25}},"loc":{"start":{"line":39,"column":30},"end":{"line":42,"column":3}},"line":39},"2":{"name":"(anonymous_2)","decl":{"start":{"line":44,"column":19},"end":{"line":44,"column":20}},"loc":{"start":{"line":45,"column":4},"end":{"line":45,"column":80}},"line":45},"3":{"name":"(anonymous_3)","decl":{"start":{"line":47,"column":19},"end":{"line":47,"column":20}},"loc":{"start":{"line":47,"column":59},"end":{"line":83,"column":3}},"line":47},"4":{"name":"(anonymous_4)","decl":{"start":{"line":101,"column":16},"end":{"line":101,"column":17}},"loc":{"start":{"line":102,"column":10},"end":{"line":107,"column":12}},"line":102}},"branchMap":{"0":{"loc":{"start":{"line":40,"column":4},"end":{"line":40,"column":35}},"type":"if","locations":[{"start":{"line":40,"column":4},"end":{"line":40,"column":35}},{"start":{},"end":{}}],"line":40},"1":{"loc":{"start":{"line":49,"column":4},"end":{"line":49,"column":43}},"type":"if","locations":[{"start":{"line":49,"column":4},"end":{"line":49,"column":43}},{"start":{},"end":{}}],"line":49},"2":{"loc":{"start":{"line":50,"column":4},"end":{"line":50,"column":24}},"type":"if","locations":[{"start":{"line":50,"column":4},"end":{"line":50,"column":24}},{"start":{},"end":{}}],"line":50},"3":{"loc":{"start":{"line":77,"column":6},"end":{"line":81,"column":7}},"type":"if","locations":[{"start":{"line":77,"column":6},"end":{"line":81,"column":7}},{"start":{},"end":{}}],"line":77},"4":{"loc":{"start":{"line":111,"column":7},"end":{"line":142,"column":7}},"type":"binary-expr","locations":[{"start":{"line":111,"column":7},"end":{"line":111,"column":15}},{"start":{"line":112,"column":8},"end":{"line":141,"column":15}}],"line":111},"5":{"loc":{"start":{"line":129,"column":21},"end":{"line":129,"column":52}},"type":"cond-expr","locations":[{"start":{"line":129,"column":31},"end":{"line":129,"column":40}},{"start":{"line":129,"column":43},"end":{"line":129,"column":52}}],"line":129}},"s":{"0":0,"1":0,"2":0,"3":0,"4":0,"5":0,"6":0,"7":0,"8":0,"9":0,"10":0,"11":0,"12":0,"13":0,"14":0,"15":0,"16":0,"17":0,"18":0,"19":0,"20":0,"21":0,"22":0,"23":0,"24":0,"25":0,"26":0,"27":0,"28":0,"29":0,"30":0,"31":0,"32":0},"f":{"0":0,"1":0,"2":0,"3":0,"4":0},"b":{"0":[0,0],"1":[0,0],"2":[0,0],"3":[0,0],"4":[0,0],"5":[0,0]}}
,"/Users/allanrafael/Documents/Projetos/bluminers/src/screens/private/Deposit/schemas.ts": {"path":"/Users/allanrafael/Documents/Projetos/bluminers/src/screens/private/Deposit/schemas.ts","statementMap":{"0":{"start":{"line":3,"column":16},"end":{"line":8,"column":13}},"1":{"start":{"line":10,"column":33},"end":{"line":12,"column":2}}},"fnMap":{},"branchMap":{},"s":{"0":0,"1":0},"f":{},"b":{}}
,"/Users/allanrafael/Documents/Projetos/bluminers/src/screens/private/DepositConfirmation/index.tsx": {"path":"/Users/allanrafael/Documents/Projetos/bluminers/src/screens/private/DepositConfirmation/index.tsx","statementMap":{"0":{"start":{"line":18,"column":35},"end":{"line":129,"column":1}},"1":{"start":{"line":19,"column":21},"end":{"line":19,"column":63}},"2":{"start":{"line":21,"column":20},"end":{"line":21,"column":36}},"3":{"start":{"line":23,"column":16},"end":{"line":23,"column":26}},"4":{"start":{"line":25,"column":16},"end":{"line":25,"column":29}},"5":{"start":{"line":27,"column":20},"end":{"line":27,"column":54}},"6":{"start":{"line":29,"column":20},"end":{"line":32,"column":3}},"7":{"start":{"line":30,"column":4},"end":{"line":30,"column":56}},"8":{"start":{"line":31,"column":4},"end":{"line":31,"column":42}},"9":{"start":{"line":34,"column":2},"end":{"line":128,"column":3}},"10":{"start":{"line":120,"column":12},"end":{"line":123,"column":14}},"11":{"start":{"line":131,"column":15},"end":{"line":166,"column":2}}},"fnMap":{"0":{"name":"(anonymous_0)","decl":{"start":{"line":18,"column":35},"end":{"line":18,"column":36}},"loc":{"start":{"line":18,"column":41},"end":{"line":129,"column":1}},"line":18},"1":{"name":"(anonymous_1)","decl":{"start":{"line":29,"column":20},"end":{"line":29,"column":21}},"loc":{"start":{"line":29,"column":32},"end":{"line":32,"column":3}},"line":29},"2":{"name":"(anonymous_2)","decl":{"start":{"line":119,"column":19},"end":{"line":119,"column":20}},"loc":{"start":{"line":120,"column":12},"end":{"line":123,"column":14}},"line":120}},"branchMap":{},"s":{"0":0,"1":0,"2":0,"3":0,"4":0,"5":0,"6":0,"7":0,"8":0,"9":0,"10":0,"11":0},"f":{"0":0,"1":0,"2":0},"b":{}}
,"/Users/allanrafael/Documents/Projetos/bluminers/src/screens/private/Historic/index.tsx": {"path":"/Users/allanrafael/Documents/Projetos/bluminers/src/screens/private/Historic/index.tsx","statementMap":{"0":{"start":{"line":24,"column":13},"end":{"line":46,"column":1}},"1":{"start":{"line":25,"column":2},"end":{"line":45,"column":9}},"2":{"start":{"line":48,"column":24},"end":{"line":147,"column":1}},"3":{"start":{"line":49,"column":21},"end":{"line":49,"column":51}},"4":{"start":{"line":50,"column":26},"end":{"line":50,"column":56}},"5":{"start":{"line":51,"column":32},"end":{"line":51,"column":47}},"6":{"start":{"line":53,"column":21},"end":{"line":53,"column":40}},"7":{"start":{"line":54,"column":24},"end":{"line":54,"column":48}},"8":{"start":{"line":56,"column":16},"end":{"line":56,"column":27}},"9":{"start":{"line":58,"column":35},"end":{"line":62,"column":3}},"10":{"start":{"line":64,"column":43},"end":{"line":68,"column":3}},"11":{"start":{"line":71,"column":4},"end":{"line":73,"column":45}},"12":{"start":{"line":75,"column":16},"end":{"line":97,"column":32}},"13":{"start":{"line":76,"column":17},"end":{"line":76,"column":72}},"14":{"start":{"line":77,"column":17},"end":{"line":77,"column":28}},"15":{"start":{"line":79,"column":4},"end":{"line":96,"column":5}},"16":{"start":{"line":80,"column":6},"end":{"line":80,"column":22}},"17":{"start":{"line":82,"column":30},"end":{"line":82,"column":50}},"18":{"start":{"line":84,"column":19},"end":{"line":90,"column":7}},"19":{"start":{"line":85,"column":24},"end":{"line":89,"column":9}},"20":{"start":{"line":92,"column":6},"end":{"line":92,"column":19}},"21":{"start":{"line":95,"column":6},"end":{"line":95,"column":23}},"22":{"start":{"line":99,"column":2},"end":{"line":101,"column":13}},"23":{"start":{"line":100,"column":4},"end":{"line":100,"column":11}},"24":{"start":{"line":103,"column":26},"end":{"line":112,"column":3}},"25":{"start":{"line":104,"column":4},"end":{"line":111,"column":11}},"26":{"start":{"line":114,"column":29},"end":{"line":122,"column":3}},"27":{"start":{"line":115,"column":4},"end":{"line":121,"column":11}},"28":{"start":{"line":124,"column":55},"end":{"line":131,"column":3}},"29":{"start":{"line":125,"column":4},"end":{"line":130,"column":6}},"30":{"start":{"line":133,"column":2},"end":{"line":146,"column":3}},"31":{"start":{"line":136,"column":30},"end":{"line":136,"column":37}},"32":{"start":{"line":149,"column":15},"end":{"line":180,"column":2}}},"fnMap":{"0":{"name":"(anonymous_0)","decl":{"start":{"line":24,"column":13},"end":{"line":24,"column":14}},"loc":{"start":{"line":25,"column":2},"end":{"line":45,"column":9}},"line":25},"1":{"name":"(anonymous_1)","decl":{"start":{"line":48,"column":24},"end":{"line":48,"column":25}},"loc":{"start":{"line":48,"column":30},"end":{"line":147,"column":1}},"line":48},"2":{"name":"(anonymous_2)","decl":{"start":{"line":75,"column":28},"end":{"line":75,"column":29}},"loc":{"start":{"line":75,"column":40},"end":{"line":97,"column":3}},"line":75},"3":{"name":"(anonymous_3)","decl":{"start":{"line":85,"column":8},"end":{"line":85,"column":9}},"loc":{"start":{"line":85,"column":24},"end":{"line":89,"column":9}},"line":85},"4":{"name":"(anonymous_4)","decl":{"start":{"line":99,"column":12},"end":{"line":99,"column":13}},"loc":{"start":{"line":99,"column":18},"end":{"line":101,"column":3}},"line":99},"5":{"name":"(anonymous_5)","decl":{"start":{"line":103,"column":26},"end":{"line":103,"column":27}},"loc":{"start":{"line":104,"column":4},"end":{"line":111,"column":11}},"line":104},"6":{"name":"(anonymous_6)","decl":{"start":{"line":114,"column":29},"end":{"line":114,"column":30}},"loc":{"start":{"line":115,"column":4},"end":{"line":121,"column":11}},"line":115},"7":{"name":"(anonymous_7)","decl":{"start":{"line":124,"column":55},"end":{"line":124,"column":56}},"loc":{"start":{"line":125,"column":4},"end":{"line":130,"column":6}},"line":125},"8":{"name":"(anonymous_8)","decl":{"start":{"line":136,"column":20},"end":{"line":136,"column":21}},"loc":{"start":{"line":136,"column":30},"end":{"line":136,"column":37}},"line":136}},"branchMap":{"0":{"loc":{"start":{"line":71,"column":4},"end":{"line":73,"column":45}},"type":"cond-expr","locations":[{"start":{"line":72,"column":8},"end":{"line":72,"column":53}},{"start":{"line":73,"column":8},"end":{"line":73,"column":45}}],"line":71},"1":{"loc":{"start":{"line":76,"column":17},"end":{"line":76,"column":72}},"type":"cond-expr","locations":[{"start":{"line":76,"column":46},"end":{"line":76,"column":59}},{"start":{"line":76,"column":62},"end":{"line":76,"column":72}}],"line":76},"2":{"loc":{"start":{"line":108,"column":7},"end":{"line":110,"column":7}},"type":"binary-expr","locations":[{"start":{"line":108,"column":7},"end":{"line":108,"column":14}},{"start":{"line":109,"column":8},"end":{"line":109,"column":78}}],"line":108},"3":{"loc":{"start":{"line":116,"column":7},"end":{"line":120,"column":7}},"type":"binary-expr","locations":[{"start":{"line":116,"column":7},"end":{"line":116,"column":15}},{"start":{"line":117,"column":8},"end":{"line":119,"column":21}}],"line":116}},"s":{"0":0,"1":0,"2":0,"3":0,"4":0,"5":0,"6":0,"7":0,"8":0,"9":0,"10":0,"11":0,"12":0,"13":0,"14":0,"15":0,"16":0,"17":0,"18":0,"19":0,"20":0,"21":0,"22":0,"23":0,"24":0,"25":0,"26":0,"27":0,"28":0,"29":0,"30":0,"31":0,"32":0},"f":{"0":0,"1":0,"2":0,"3":0,"4":0,"5":0,"6":0,"7":0,"8":0},"b":{"0":[0,0],"1":[0,0],"2":[0,0],"3":[0,0]}}
,"/Users/allanrafael/Documents/Projetos/bluminers/src/screens/private/HistoricOptions/index.tsx": {"path":"/Users/allanrafael/Documents/Projetos/bluminers/src/screens/private/HistoricOptions/index.tsx","statementMap":{"0":{"start":{"line":15,"column":31},"end":{"line":71,"column":1}},"1":{"start":{"line":16,"column":23},"end":{"line":16,"column":57}},"2":{"start":{"line":17,"column":21},"end":{"line":17,"column":58}},"3":{"start":{"line":19,"column":32},"end":{"line":19,"column":49}},"4":{"start":{"line":20,"column":20},"end":{"line":20,"column":36}},"5":{"start":{"line":22,"column":16},"end":{"line":22,"column":76}},"6":{"start":{"line":24,"column":18},"end":{"line":40,"column":3}},"7":{"start":{"line":28,"column":8},"end":{"line":28,"column":75}},"8":{"start":{"line":33,"column":8},"end":{"line":33,"column":74}},"9":{"start":{"line":38,"column":8},"end":{"line":38,"column":75}},"10":{"start":{"line":42,"column":2},"end":{"line":70,"column":3}},"11":{"start":{"line":49,"column":8},"end":{"line":67,"column":20}},"12":{"start":{"line":73,"column":15},"end":{"line":86,"column":2}}},"fnMap":{"0":{"name":"(anonymous_0)","decl":{"start":{"line":15,"column":31},"end":{"line":15,"column":32}},"loc":{"start":{"line":15,"column":37},"end":{"line":71,"column":1}},"line":15},"1":{"name":"(anonymous_1)","decl":{"start":{"line":27,"column":15},"end":{"line":27,"column":16}},"loc":{"start":{"line":28,"column":8},"end":{"line":28,"column":75}},"line":28},"2":{"name":"(anonymous_2)","decl":{"start":{"line":32,"column":15},"end":{"line":32,"column":16}},"loc":{"start":{"line":33,"column":8},"end":{"line":33,"column":74}},"line":33},"3":{"name":"(anonymous_3)","decl":{"start":{"line":37,"column":15},"end":{"line":37,"column":16}},"loc":{"start":{"line":38,"column":8},"end":{"line":38,"column":75}},"line":38},"4":{"name":"(anonymous_4)","decl":{"start":{"line":48,"column":19},"end":{"line":48,"column":20}},"loc":{"start":{"line":49,"column":8},"end":{"line":67,"column":20}},"line":49}},"branchMap":{"0":{"loc":{"start":{"line":22,"column":16},"end":{"line":22,"column":76}},"type":"cond-expr","locations":[{"start":{"line":22,"column":44},"end":{"line":22,"column":60}},{"start":{"line":22,"column":63},"end":{"line":22,"column":76}}],"line":22}},"s":{"0":0,"1":0,"2":0,"3":0,"4":0,"5":0,"6":0,"7":0,"8":0,"9":0,"10":0,"11":0,"12":0},"f":{"0":0,"1":0,"2":0,"3":0,"4":0},"b":{"0":[0,0]}}
,"/Users/allanrafael/Documents/Projetos/bluminers/src/screens/private/Home/index.tsx": {"path":"/Users/allanrafael/Documents/Projetos/bluminers/src/screens/private/Home/index.tsx","statementMap":{"0":{"start":{"line":14,"column":20},"end":{"line":65,"column":1}},"1":{"start":{"line":25,"column":6},"end":{"line":25,"column":15}},"2":{"start":{"line":27,"column":2},"end":{"line":27,"column":33}},"3":{"start":{"line":27,"column":15},"end":{"line":27,"column":33}},"4":{"start":{"line":29,"column":2},"end":{"line":48,"column":3}},"5":{"start":{"line":30,"column":4},"end":{"line":47,"column":5}},"6":{"start":{"line":50,"column":2},"end":{"line":64,"column":3}},"7":{"start":{"line":67,"column":15},"end":{"line":82,"column":2}}},"fnMap":{"0":{"name":"(anonymous_0)","decl":{"start":{"line":14,"column":20},"end":{"line":14,"column":21}},"loc":{"start":{"line":14,"column":26},"end":{"line":65,"column":1}},"line":14}},"branchMap":{"0":{"loc":{"start":{"line":27,"column":2},"end":{"line":27,"column":33}},"type":"if","locations":[{"start":{"line":27,"column":2},"end":{"line":27,"column":33}},{"start":{},"end":{}}],"line":27},"1":{"loc":{"start":{"line":29,"column":2},"end":{"line":48,"column":3}},"type":"if","locations":[{"start":{"line":29,"column":2},"end":{"line":48,"column":3}},{"start":{},"end":{}}],"line":29}},"s":{"0":1,"1":1,"2":1,"3":0,"4":1,"5":0,"6":1,"7":1},"f":{"0":1},"b":{"0":[0,1],"1":[0,1]},"_coverageSchema":"1a1c01bbd47fc00a2c39e90264f33305004495a9","hash":"86636b108d01ce12f8cddb10d85fda8fa15e55e5"}
,"/Users/allanrafael/Documents/Projetos/bluminers/src/screens/private/Home/useHome.ts": {"path":"/Users/allanrafael/Documents/Projetos/bluminers/src/screens/private/Home/useHome.ts","statementMap":{"0":{"start":{"line":25,"column":23},"end":{"line":121,"column":1}},"1":{"start":{"line":26,"column":49},"end":{"line":26,"column":66}},"2":{"start":{"line":27,"column":21},"end":{"line":27,"column":32}},"3":{"start":{"line":29,"column":28},"end":{"line":29,"column":40}},"4":{"start":{"line":30,"column":32},"end":{"line":30,"column":47}},"5":{"start":{"line":31,"column":32},"end":{"line":31,"column":47}},"6":{"start":{"line":33,"column":23},"end":{"line":33,"column":57}},"7":{"start":{"line":34,"column":16},"end":{"line":34,"column":26}},"8":{"start":{"line":36,"column":28},"end":{"line":36,"column":59}},"9":{"start":{"line":36,"column":34},"end":{"line":36,"column":59}},"10":{"start":{"line":37,"column":29},"end":{"line":37,"column":61}},"11":{"start":{"line":37,"column":35},"end":{"line":37,"column":61}},"12":{"start":{"line":38,"column":36},"end":{"line":39,"column":59}},"13":{"start":{"line":39,"column":4},"end":{"line":39,"column":59}},"14":{"start":{"line":40,"column":37},"end":{"line":41,"column":60}},"15":{"start":{"line":41,"column":4},"end":{"line":41,"column":60}},"16":{"start":{"line":43,"column":20},"end":{"line":53,"column":3}},"17":{"start":{"line":44,"column":4},"end":{"line":50,"column":5}},"18":{"start":{"line":45,"column":19},"end":{"line":45,"column":84}},"19":{"start":{"line":46,"column":6},"end":{"line":46,"column":42}},"20":{"start":{"line":47,"column":6},"end":{"line":47,"column":44}},"21":{"start":{"line":49,"column":6},"end":{"line":49,"column":12}},"22":{"start":{"line":52,"column":4},"end":{"line":52,"column":48}},"23":{"start":{"line":55,"column":17},"end":{"line":79,"column":3}},"24":{"start":{"line":56,"column":4},"end":{"line":78,"column":5}},"25":{"start":{"line":57,"column":6},"end":{"line":57,"column":22}},"26":{"start":{"line":58,"column":19},"end":{"line":58,"column":35}},"27":{"start":{"line":59,"column":23},"end":{"line":59,"column":43}},"28":{"start":{"line":61,"column":30},"end":{"line":61,"column":65}},"29":{"start":{"line":63,"column":19},"end":{"line":66,"column":7}},"30":{"start":{"line":68,"column":6},"end":{"line":68,"column":23}},"31":{"start":{"line":69,"column":6},"end":{"line":69,"column":18}},"32":{"start":{"line":71,"column":6},"end":{"line":73,"column":7}},"33":{"start":{"line":72,"column":8},"end":{"line":72,"column":44}},"34":{"start":{"line":75,"column":6},"end":{"line":75,"column":14}},"35":{"start":{"line":77,"column":6},"end":{"line":77,"column":23}},"36":{"start":{"line":81,"column":20},"end":{"line":104,"column":20}},"37":{"start":{"line":82,"column":4},"end":{"line":103,"column":5}},"38":{"start":{"line":83,"column":6},"end":{"line":83,"column":22}},"39":{"start":{"line":84,"column":19},"end":{"line":84,"column":35}},"40":{"start":{"line":85,"column":23},"end":{"line":85,"column":43}},"41":{"start":{"line":87,"column":30},"end":{"line":87,"column":65}},"42":{"start":{"line":89,"column":19},"end":{"line":92,"column":7}},"43":{"start":{"line":94,"column":6},"end":{"line":94,"column":16}},"44":{"start":{"line":96,"column":6},"end":{"line":98,"column":7}},"45":{"start":{"line":97,"column":8},"end":{"line":97,"column":44}},"46":{"start":{"line":100,"column":6},"end":{"line":100,"column":14}},"47":{"start":{"line":102,"column":6},"end":{"line":102,"column":23}},"48":{"start":{"line":106,"column":2},"end":{"line":108,"column":17}},"49":{"start":{"line":107,"column":4},"end":{"line":107,"column":15}},"50":{"start":{"line":110,"column":2},"end":{"line":120,"column":3}}},"fnMap":{"0":{"name":"(anonymous_0)","decl":{"start":{"line":25,"column":23},"end":{"line":25,"column":24}},"loc":{"start":{"line":25,"column":43},"end":{"line":121,"column":1}},"line":25},"1":{"name":"(anonymous_1)","decl":{"start":{"line":36,"column":28},"end":{"line":36,"column":29}},"loc":{"start":{"line":36,"column":34},"end":{"line":36,"column":59}},"line":36},"2":{"name":"(anonymous_2)","decl":{"start":{"line":37,"column":29},"end":{"line":37,"column":30}},"loc":{"start":{"line":37,"column":35},"end":{"line":37,"column":61}},"line":37},"3":{"name":"(anonymous_3)","decl":{"start":{"line":38,"column":36},"end":{"line":38,"column":37}},"loc":{"start":{"line":39,"column":4},"end":{"line":39,"column":59}},"line":39},"4":{"name":"(anonymous_4)","decl":{"start":{"line":40,"column":37},"end":{"line":40,"column":38}},"loc":{"start":{"line":41,"column":4},"end":{"line":41,"column":60}},"line":41},"5":{"name":"(anonymous_5)","decl":{"start":{"line":43,"column":20},"end":{"line":43,"column":21}},"loc":{"start":{"line":43,"column":32},"end":{"line":53,"column":3}},"line":43},"6":{"name":"(anonymous_6)","decl":{"start":{"line":55,"column":17},"end":{"line":55,"column":18}},"loc":{"start":{"line":55,"column":29},"end":{"line":79,"column":3}},"line":55},"7":{"name":"(anonymous_7)","decl":{"start":{"line":81,"column":32},"end":{"line":81,"column":33}},"loc":{"start":{"line":81,"column":44},"end":{"line":104,"column":3}},"line":81},"8":{"name":"(anonymous_8)","decl":{"start":{"line":106,"column":12},"end":{"line":106,"column":13}},"loc":{"start":{"line":106,"column":18},"end":{"line":108,"column":3}},"line":106}},"branchMap":{"0":{"loc":{"start":{"line":44,"column":4},"end":{"line":50,"column":5}},"type":"if","locations":[{"start":{"line":44,"column":4},"end":{"line":50,"column":5}},{"start":{},"end":{}}],"line":44},"1":{"loc":{"start":{"line":71,"column":6},"end":{"line":73,"column":7}},"type":"if","locations":[{"start":{"line":71,"column":6},"end":{"line":73,"column":7}},{"start":{},"end":{}}],"line":71},"2":{"loc":{"start":{"line":96,"column":6},"end":{"line":98,"column":7}},"type":"if","locations":[{"start":{"line":96,"column":6},"end":{"line":98,"column":7}},{"start":{},"end":{}}],"line":96}},"s":{"0":0,"1":0,"2":0,"3":0,"4":0,"5":0,"6":0,"7":0,"8":0,"9":0,"10":0,"11":0,"12":0,"13":0,"14":0,"15":0,"16":0,"17":0,"18":0,"19":0,"20":0,"21":0,"22":0,"23":0,"24":0,"25":0,"26":0,"27":0,"28":0,"29":0,"30":0,"31":0,"32":0,"33":0,"34":0,"35":0,"36":0,"37":0,"38":0,"39":0,"40":0,"41":0,"42":0,"43":0,"44":0,"45":0,"46":0,"47":0,"48":0,"49":0,"50":0},"f":{"0":0,"1":0,"2":0,"3":0,"4":0,"5":0,"6":0,"7":0,"8":0},"b":{"0":[0,0],"1":[0,0],"2":[0,0]}}
,"/Users/allanrafael/Documents/Projetos/bluminers/src/screens/private/Home/components/Balance.tsx": {"path":"/Users/allanrafael/Documents/Projetos/bluminers/src/screens/private/Home/components/Balance.tsx","statementMap":{"0":{"start":{"line":18,"column":23},"end":{"line":77,"column":1}},"1":{"start":{"line":19,"column":22},"end":{"line":19,"column":39}},"2":{"start":{"line":20,"column":41},"end":{"line":20,"column":52}},"3":{"start":{"line":21,"column":26},"end":{"line":21,"column":44}},"4":{"start":{"line":23,"column":2},"end":{"line":76,"column":3}},"5":{"start":{"line":38,"column":25},"end":{"line":38,"column":52}},"6":{"start":{"line":79,"column":15},"end":{"line":125,"column":2}}},"fnMap":{"0":{"name":"(anonymous_0)","decl":{"start":{"line":18,"column":23},"end":{"line":18,"column":24}},"loc":{"start":{"line":18,"column":68},"end":{"line":77,"column":1}},"line":18},"1":{"name":"(anonymous_1)","decl":{"start":{"line":38,"column":19},"end":{"line":38,"column":20}},"loc":{"start":{"line":38,"column":25},"end":{"line":38,"column":52}},"line":38}},"branchMap":{"0":{"loc":{"start":{"line":31,"column":11},"end":{"line":31,"column":71}},"type":"cond-expr","locations":[{"start":{"line":31,"column":25},"end":{"line":31,"column":62}},{"start":{"line":31,"column":65},"end":{"line":31,"column":71}}],"line":31},"1":{"loc":{"start":{"line":35,"column":16},"end":{"line":35,"column":61}},"type":"cond-expr","locations":[{"start":{"line":35,"column":30},"end":{"line":35,"column":42}},{"start":{"line":35,"column":45},"end":{"line":35,"column":61}}],"line":35}},"s":{"0":1,"1":1,"2":1,"3":1,"4":1,"5":0,"6":1},"f":{"0":1,"1":0},"b":{"0":[1,0],"1":[1,0]},"_coverageSchema":"1a1c01bbd47fc00a2c39e90264f33305004495a9","hash":"b1357c5ec1cc3c6fe2d6c49cb2a2b94506665972"}
,"/Users/allanrafael/Documents/Projetos/bluminers/src/screens/private/Home/components/Earnings.tsx": {"path":"/Users/allanrafael/Documents/Projetos/bluminers/src/screens/private/Home/components/Earnings.tsx","statementMap":{"0":{"start":{"line":16,"column":24},"end":{"line":99,"column":1}},"1":{"start":{"line":17,"column":26},"end":{"line":17,"column":37}},"2":{"start":{"line":18,"column":22},"end":{"line":18,"column":39}},"3":{"start":{"line":20,"column":26},"end":{"line":20,"column":44}},"4":{"start":{"line":22,"column":21},"end":{"line":22,"column":73}},"5":{"start":{"line":24,"column":2},"end":{"line":98,"column":3}},"6":{"start":{"line":101,"column":15},"end":{"line":155,"column":2}}},"fnMap":{"0":{"name":"(anonymous_0)","decl":{"start":{"line":16,"column":24},"end":{"line":16,"column":25}},"loc":{"start":{"line":16,"column":59},"end":{"line":99,"column":1}},"line":16}},"branchMap":{"0":{"loc":{"start":{"line":22,"column":21},"end":{"line":22,"column":73}},"type":"binary-expr","locations":[{"start":{"line":22,"column":21},"end":{"line":22,"column":43}},{"start":{"line":22,"column":47},"end":{"line":22,"column":73}}],"line":22},"1":{"loc":{"start":{"line":37,"column":13},"end":{"line":37,"column":74}},"type":"cond-expr","locations":[{"start":{"line":37,"column":27},"end":{"line":37,"column":65}},{"start":{"line":37,"column":68},"end":{"line":37,"column":74}}],"line":37},"2":{"loc":{"start":{"line":59,"column":11},"end":{"line":59,"column":66}},"type":"cond-expr","locations":[{"start":{"line":59,"column":25},"end":{"line":59,"column":57}},{"start":{"line":59,"column":60},"end":{"line":59,"column":66}}],"line":59},"3":{"loc":{"start":{"line":61,"column":9},"end":{"line":75,"column":9}},"type":"binary-expr","locations":[{"start":{"line":61,"column":9},"end":{"line":61,"column":36}},{"start":{"line":62,"column":10},"end":{"line":74,"column":23}}],"line":61},"4":{"loc":{"start":{"line":78,"column":7},"end":{"line":87,"column":7}},"type":"binary-expr","locations":[{"start":{"line":78,"column":7},"end":{"line":78,"column":19}},{"start":{"line":79,"column":8},"end":{"line":86,"column":15}}],"line":78}},"s":{"0":1,"1":1,"2":1,"3":1,"4":1,"5":1,"6":1},"f":{"0":1},"b":{"0":[1,0],"1":[1,0],"2":[1,0],"3":[1,1],"4":[1,0]},"_coverageSchema":"1a1c01bbd47fc00a2c39e90264f33305004495a9","hash":"0fb7cf19d454c8410613d27fea581ab4486be537"}
,"/Users/allanrafael/Documents/Projetos/bluminers/src/screens/private/Home/components/Historic.tsx": {"path":"/Users/allanrafael/Documents/Projetos/bluminers/src/screens/private/Home/components/Historic.tsx","statementMap":{"0":{"start":{"line":14,"column":24},"end":{"line":95,"column":1}},"1":{"start":{"line":18,"column":20},"end":{"line":18,"column":36}},"2":{"start":{"line":19,"column":32},"end":{"line":19,"column":49}},"3":{"start":{"line":20,"column":22},"end":{"line":20,"column":39}},"4":{"start":{"line":23,"column":4},"end":{"line":23,"column":64}},"5":{"start":{"line":24,"column":29},"end":{"line":24,"column":56}},"6":{"start":{"line":26,"column":18},"end":{"line":45,"column":3}},"7":{"start":{"line":36,"column":21},"end":{"line":36,"column":49}},"8":{"start":{"line":43,"column":21},"end":{"line":43,"column":48}},"9":{"start":{"line":47,"column":2},"end":{"line":94,"column":3}},"10":{"start":{"line":55,"column":10},"end":{"line":73,"column":22}},"11":{"start":{"line":97,"column":15},"end":{"line":129,"column":2}}},"fnMap":{"0":{"name":"(anonymous_0)","decl":{"start":{"line":14,"column":24},"end":{"line":14,"column":25}},"loc":{"start":{"line":17,"column":13},"end":{"line":95,"column":1}},"line":17},"1":{"name":"(anonymous_1)","decl":{"start":{"line":36,"column":15},"end":{"line":36,"column":16}},"loc":{"start":{"line":36,"column":21},"end":{"line":36,"column":49}},"line":36},"2":{"name":"(anonymous_2)","decl":{"start":{"line":43,"column":15},"end":{"line":43,"column":16}},"loc":{"start":{"line":43,"column":21},"end":{"line":43,"column":48}},"line":43},"3":{"name":"(anonymous_3)","decl":{"start":{"line":54,"column":21},"end":{"line":54,"column":22}},"loc":{"start":{"line":55,"column":10},"end":{"line":73,"column":22}},"line":55}},"branchMap":{"0":{"loc":{"start":{"line":23,"column":4},"end":{"line":23,"column":64}},"type":"cond-expr","locations":[{"start":{"line":23,"column":34},"end":{"line":23,"column":48}},{"start":{"line":23,"column":51},"end":{"line":23,"column":64}}],"line":23},"1":{"loc":{"start":{"line":77,"column":7},"end":{"line":92,"column":7}},"type":"binary-expr","locations":[{"start":{"line":77,"column":7},"end":{"line":77,"column":25}},{"start":{"line":78,"column":8},"end":{"line":91,"column":15}}],"line":77}},"s":{"0":1,"1":1,"2":1,"3":1,"4":1,"5":1,"6":1,"7":0,"8":0,"9":1,"10":2,"11":1},"f":{"0":1,"1":0,"2":0,"3":2},"b":{"0":[0,1],"1":[1,0]},"_coverageSchema":"1a1c01bbd47fc00a2c39e90264f33305004495a9","hash":"4e2f09540fb43120154308756c20abedc464f2cb"}
,"/Users/allanrafael/Documents/Projetos/bluminers/src/screens/private/Withdraw/index.tsx": {"path":"/Users/allanrafael/Documents/Projetos/bluminers/src/screens/private/Withdraw/index.tsx","statementMap":{"0":{"start":{"line":20,"column":24},"end":{"line":114,"column":1}},"1":{"start":{"line":21,"column":23},"end":{"line":21,"column":57}},"2":{"start":{"line":23,"column":22},"end":{"line":23,"column":39}},"3":{"start":{"line":32,"column":6},"end":{"line":34,"column":4}},"4":{"start":{"line":36,"column":19},"end":{"line":57,"column":3}},"5":{"start":{"line":37,"column":4},"end":{"line":37,"column":22}},"6":{"start":{"line":39,"column":4},"end":{"line":56,"column":5}},"7":{"start":{"line":40,"column":34},"end":{"line":44,"column":7}},"8":{"start":{"line":46,"column":6},"end":{"line":46,"column":30}},"9":{"start":{"line":48,"column":6},"end":{"line":48,"column":74}},"10":{"start":{"line":49,"column":6},"end":{"line":49,"column":13}},"11":{"start":{"line":51,"column":6},"end":{"line":55,"column":7}},"12":{"start":{"line":52,"column":8},"end":{"line":54,"column":10}},"13":{"start":{"line":59,"column":16},"end":{"line":63,"column":3}},"14":{"start":{"line":60,"column":4},"end":{"line":60,"column":58}},"15":{"start":{"line":60,"column":52},"end":{"line":60,"column":58}},"16":{"start":{"line":62,"column":4},"end":{"line":62,"column":57}},"17":{"start":{"line":65,"column":2},"end":{"line":113,"column":3}},"18":{"start":{"line":83,"column":10},"end":{"line":90,"column":12}},"19":{"start":{"line":116,"column":15},"end":{"line":139,"column":2}}},"fnMap":{"0":{"name":"(anonymous_0)","decl":{"start":{"line":20,"column":24},"end":{"line":20,"column":25}},"loc":{"start":{"line":20,"column":30},"end":{"line":114,"column":1}},"line":20},"1":{"name":"(anonymous_1)","decl":{"start":{"line":36,"column":19},"end":{"line":36,"column":20}},"loc":{"start":{"line":36,"column":61},"end":{"line":57,"column":3}},"line":36},"2":{"name":"(anonymous_2)","decl":{"start":{"line":59,"column":16},"end":{"line":59,"column":17}},"loc":{"start":{"line":59,"column":22},"end":{"line":63,"column":3}},"line":59},"3":{"name":"(anonymous_3)","decl":{"start":{"line":82,"column":16},"end":{"line":82,"column":17}},"loc":{"start":{"line":83,"column":10},"end":{"line":90,"column":12}},"line":83}},"branchMap":{"0":{"loc":{"start":{"line":51,"column":6},"end":{"line":55,"column":7}},"type":"if","locations":[{"start":{"line":51,"column":6},"end":{"line":55,"column":7}},{"start":{},"end":{}}],"line":51},"1":{"loc":{"start":{"line":60,"column":4},"end":{"line":60,"column":58}},"type":"if","locations":[{"start":{"line":60,"column":4},"end":{"line":60,"column":58}},{"start":{},"end":{}}],"line":60},"2":{"loc":{"start":{"line":60,"column":8},"end":{"line":60,"column":50}},"type":"binary-expr","locations":[{"start":{"line":60,"column":8},"end":{"line":60,"column":25}},{"start":{"line":60,"column":29},"end":{"line":60,"column":50}}],"line":60}},"s":{"0":0,"1":0,"2":0,"3":0,"4":0,"5":0,"6":0,"7":0,"8":0,"9":0,"10":0,"11":0,"12":0,"13":0,"14":0,"15":0,"16":0,"17":0,"18":0,"19":0},"f":{"0":0,"1":0,"2":0,"3":0},"b":{"0":[0,0],"1":[0,0],"2":[0,0]}}
,"/Users/allanrafael/Documents/Projetos/bluminers/src/screens/private/Withdraw/schemas.ts": {"path":"/Users/allanrafael/Documents/Projetos/bluminers/src/screens/private/Withdraw/schemas.ts","statementMap":{"0":{"start":{"line":3,"column":17},"end":{"line":10,"column":13}},"1":{"start":{"line":7,"column":25},"end":{"line":7,"column":41}},"2":{"start":{"line":12,"column":34},"end":{"line":14,"column":2}}},"fnMap":{"0":{"name":"(anonymous_0)","decl":{"start":{"line":7,"column":10},"end":{"line":7,"column":11}},"loc":{"start":{"line":7,"column":25},"end":{"line":7,"column":41}},"line":7}},"branchMap":{},"s":{"0":0,"1":0,"2":0},"f":{"0":0},"b":{}}
,"/Users/allanrafael/Documents/Projetos/bluminers/src/screens/private/WithdrawConfirmation/index.tsx": {"path":"/Users/allanrafael/Documents/Projetos/bluminers/src/screens/private/WithdrawConfirmation/index.tsx","statementMap":{"0":{"start":{"line":14,"column":36},"end":{"line":55,"column":1}},"1":{"start":{"line":15,"column":21},"end":{"line":15,"column":63}},"2":{"start":{"line":17,"column":16},"end":{"line":17,"column":29}},"3":{"start":{"line":19,"column":20},"end":{"line":19,"column":54}},"4":{"start":{"line":21,"column":2},"end":{"line":54,"column":3}},"5":{"start":{"line":46,"column":12},"end":{"line":49,"column":14}},"6":{"start":{"line":57,"column":15},"end":{"line":85,"column":2}}},"fnMap":{"0":{"name":"(anonymous_0)","decl":{"start":{"line":14,"column":36},"end":{"line":14,"column":37}},"loc":{"start":{"line":14,"column":42},"end":{"line":55,"column":1}},"line":14},"1":{"name":"(anonymous_1)","decl":{"start":{"line":45,"column":19},"end":{"line":45,"column":20}},"loc":{"start":{"line":46,"column":12},"end":{"line":49,"column":14}},"line":46}},"branchMap":{},"s":{"0":0,"1":0,"2":0,"3":0,"4":0,"5":0,"6":0},"f":{"0":0,"1":0},"b":{}}
,"/Users/allanrafael/Documents/Projetos/bluminers/src/screens/public/Login/index.tsx": {"path":"/Users/allanrafael/Documents/Projetos/bluminers/src/screens/public/Login/index.tsx","statementMap":{"0":{"start":{"line":16,"column":21},"end":{"line":108,"column":1}},"1":{"start":{"line":17,"column":19},"end":{"line":17,"column":30}},"2":{"start":{"line":24,"column":6},"end":{"line":26,"column":4}},"3":{"start":{"line":28,"column":19},"end":{"line":46,"column":3}},"4":{"start":{"line":29,"column":4},"end":{"line":45,"column":5}},"5":{"start":{"line":30,"column":23},"end":{"line":33,"column":8}},"6":{"start":{"line":35,"column":17},"end":{"line":35,"column":38}},"7":{"start":{"line":36,"column":20},"end":{"line":36,"column":34}},"8":{"start":{"line":38,"column":6},"end":{"line":38,"column":21}},"9":{"start":{"line":40,"column":6},"end":{"line":44,"column":7}},"10":{"start":{"line":41,"column":8},"end":{"line":43,"column":10}},"11":{"start":{"line":48,"column":2},"end":{"line":107,"column":3}},"12":{"start":{"line":65,"column":12},"end":{"line":74,"column":14}},"13":{"start":{"line":85,"column":12},"end":{"line":96,"column":14}},"14":{"start":{"line":110,"column":15},"end":{"line":120,"column":2}}},"fnMap":{"0":{"name":"(anonymous_0)","decl":{"start":{"line":16,"column":21},"end":{"line":16,"column":22}},"loc":{"start":{"line":16,"column":27},"end":{"line":108,"column":1}},"line":16},"1":{"name":"(anonymous_1)","decl":{"start":{"line":28,"column":19},"end":{"line":28,"column":20}},"loc":{"start":{"line":28,"column":59},"end":{"line":46,"column":3}},"line":28},"2":{"name":"(anonymous_2)","decl":{"start":{"line":64,"column":18},"end":{"line":64,"column":19}},"loc":{"start":{"line":65,"column":12},"end":{"line":74,"column":14}},"line":65},"3":{"name":"(anonymous_3)","decl":{"start":{"line":84,"column":18},"end":{"line":84,"column":19}},"loc":{"start":{"line":85,"column":12},"end":{"line":96,"column":14}},"line":85}},"branchMap":{"0":{"loc":{"start":{"line":40,"column":6},"end":{"line":44,"column":7}},"type":"if","locations":[{"start":{"line":40,"column":6},"end":{"line":44,"column":7}},{"start":{},"end":{}}],"line":40}},"s":{"0":0,"1":0,"2":0,"3":0,"4":0,"5":0,"6":0,"7":0,"8":0,"9":0,"10":0,"11":0,"12":0,"13":0,"14":0},"f":{"0":0,"1":0,"2":0,"3":0},"b":{"0":[0,0]}}
,"/Users/allanrafael/Documents/Projetos/bluminers/src/screens/public/Login/schemas.ts": {"path":"/Users/allanrafael/Documents/Projetos/bluminers/src/screens/public/Login/schemas.ts","statementMap":{"0":{"start":{"line":3,"column":14},"end":{"line":7,"column":49}},"1":{"start":{"line":9,"column":40},"end":{"line":14,"column":2}}},"fnMap":{},"branchMap":{},"s":{"0":0,"1":0},"f":{},"b":{}}
}
