TN:
SF:src/screens/private/Deposit/index.tsx
FN:21,(anonymous_0)
FN:39,(anonymous_1)
FN:44,(anonymous_2)
FN:47,(anonymous_3)
FN:101,(anonymous_4)
FNF:5
FNH:0
FNDA:0,(anonymous_0)
FNDA:0,(anonymous_1)
FNDA:0,(anonymous_2)
FNDA:0,(anonymous_3)
FNDA:0,(anonymous_4)
DA:21,0
DA:22,0
DA:23,0
DA:25,0
DA:27,0
DA:35,0
DA:39,0
DA:40,0
DA:41,0
DA:44,0
DA:45,0
DA:47,0
DA:48,0
DA:49,0
DA:50,0
DA:52,0
DA:53,0
DA:55,0
DA:62,0
DA:64,0
DA:65,0
DA:67,0
DA:72,0
DA:74,0
DA:75,0
DA:77,0
DA:78,0
DA:85,0
DA:102,0
DA:155,0
LF:30
LH:0
BRDA:40,0,0,0
BRDA:40,0,1,0
BRDA:49,1,0,0
BRDA:49,1,1,0
BRDA:50,2,0,0
BRDA:50,2,1,0
BRDA:77,3,0,0
BRDA:77,3,1,0
BRDA:111,4,0,0
BRDA:111,4,1,0
BRDA:129,5,0,0
BRDA:129,5,1,0
BRF:12
BRH:0
end_of_record
TN:
SF:src/screens/private/Deposit/schemas.ts
FNF:0
FNH:0
DA:3,0
DA:10,0
LF:2
LH:0
BRF:0
BRH:0
end_of_record
TN:
SF:src/screens/private/DepositConfirmation/index.tsx
FN:18,(anonymous_0)
FN:29,(anonymous_1)
FN:119,(anonymous_2)
FNF:3
FNH:0
FNDA:0,(anonymous_0)
FNDA:0,(anonymous_1)
FNDA:0,(anonymous_2)
DA:18,0
DA:19,0
DA:21,0
DA:23,0
DA:25,0
DA:27,0
DA:29,0
DA:30,0
DA:31,0
DA:34,0
DA:120,0
DA:131,0
LF:12
LH:0
BRF:0
BRH:0
end_of_record
TN:
SF:src/screens/private/Historic/index.tsx
FN:24,(anonymous_0)
FN:48,(anonymous_1)
FN:75,(anonymous_2)
FN:85,(anonymous_3)
FN:99,(anonymous_4)
FN:103,(anonymous_5)
FN:114,(anonymous_6)
FN:124,(anonymous_7)
FN:136,(anonymous_8)
FNF:9
FNH:0
FNDA:0,(anonymous_0)
FNDA:0,(anonymous_1)
FNDA:0,(anonymous_2)
FNDA:0,(anonymous_3)
FNDA:0,(anonymous_4)
FNDA:0,(anonymous_5)
FNDA:0,(anonymous_6)
FNDA:0,(anonymous_7)
FNDA:0,(anonymous_8)
DA:24,0
DA:25,0
DA:48,0
DA:49,0
DA:50,0
DA:51,0
DA:53,0
DA:54,0
DA:56,0
DA:58,0
DA:64,0
DA:71,0
DA:75,0
DA:76,0
DA:77,0
DA:79,0
DA:80,0
DA:82,0
DA:84,0
DA:85,0
DA:92,0
DA:95,0
DA:99,0
DA:100,0
DA:103,0
DA:104,0
DA:114,0
DA:115,0
DA:124,0
DA:125,0
DA:133,0
DA:136,0
DA:149,0
LF:33
LH:0
BRDA:71,0,0,0
BRDA:71,0,1,0
BRDA:76,1,0,0
BRDA:76,1,1,0
BRDA:108,2,0,0
BRDA:108,2,1,0
BRDA:116,3,0,0
BRDA:116,3,1,0
BRF:8
BRH:0
end_of_record
TN:
SF:src/screens/private/HistoricOptions/index.tsx
FN:15,(anonymous_0)
FN:27,(anonymous_1)
FN:32,(anonymous_2)
FN:37,(anonymous_3)
FN:48,(anonymous_4)
FNF:5
FNH:0
FNDA:0,(anonymous_0)
FNDA:0,(anonymous_1)
FNDA:0,(anonymous_2)
FNDA:0,(anonymous_3)
FNDA:0,(anonymous_4)
DA:15,0
DA:16,0
DA:17,0
DA:19,0
DA:20,0
DA:22,0
DA:24,0
DA:28,0
DA:33,0
DA:38,0
DA:42,0
DA:49,0
DA:73,0
LF:13
LH:0
BRDA:22,0,0,0
BRDA:22,0,1,0
BRF:2
BRH:0
end_of_record
TN:
SF:src/screens/private/Home/index.tsx
FN:14,(anonymous_0)
FNF:1
FNH:1
FNDA:1,(anonymous_0)
DA:14,1
DA:25,1
DA:27,1
DA:29,1
DA:30,0
DA:50,1
DA:67,1
LF:7
LH:6
BRDA:27,0,0,0
BRDA:27,0,1,1
BRDA:29,1,0,0
BRDA:29,1,1,1
BRF:4
BRH:2
end_of_record
TN:
SF:src/screens/private/Home/useHome.ts
FN:25,(anonymous_0)
FN:36,(anonymous_1)
FN:37,(anonymous_2)
FN:38,(anonymous_3)
FN:40,(anonymous_4)
FN:43,(anonymous_5)
FN:55,(anonymous_6)
FN:81,(anonymous_7)
FN:106,(anonymous_8)
FNF:9
FNH:0
FNDA:0,(anonymous_0)
FNDA:0,(anonymous_1)
FNDA:0,(anonymous_2)
FNDA:0,(anonymous_3)
FNDA:0,(anonymous_4)
FNDA:0,(anonymous_5)
FNDA:0,(anonymous_6)
FNDA:0,(anonymous_7)
FNDA:0,(anonymous_8)
DA:25,0
DA:26,0
DA:27,0
DA:29,0
DA:30,0
DA:31,0
DA:33,0
DA:34,0
DA:36,0
DA:37,0
DA:38,0
DA:39,0
DA:40,0
DA:41,0
DA:43,0
DA:44,0
DA:45,0
DA:46,0
DA:47,0
DA:49,0
DA:52,0
DA:55,0
DA:56,0
DA:57,0
DA:58,0
DA:59,0
DA:61,0
DA:63,0
DA:68,0
DA:69,0
DA:71,0
DA:72,0
DA:75,0
DA:77,0
DA:81,0
DA:82,0
DA:83,0
DA:84,0
DA:85,0
DA:87,0
DA:89,0
DA:94,0
DA:96,0
DA:97,0
DA:100,0
DA:102,0
DA:106,0
DA:107,0
DA:110,0
LF:49
LH:0
BRDA:44,0,0,0
BRDA:44,0,1,0
BRDA:71,1,0,0
BRDA:71,1,1,0
BRDA:96,2,0,0
BRDA:96,2,1,0
BRF:6
BRH:0
end_of_record
TN:
SF:src/screens/private/Home/components/Balance.tsx
FN:18,(anonymous_0)
FN:38,(anonymous_1)
FNF:2
FNH:1
FNDA:1,(anonymous_0)
FNDA:0,(anonymous_1)
DA:18,1
DA:19,1
DA:20,1
DA:21,1
DA:23,1
DA:38,0
DA:79,1
LF:7
LH:6
BRDA:31,0,0,1
BRDA:31,0,1,0
BRDA:35,1,0,1
BRDA:35,1,1,0
BRF:4
BRH:2
end_of_record
TN:
SF:src/screens/private/Home/components/Earnings.tsx
FN:16,(anonymous_0)
FNF:1
FNH:1
FNDA:1,(anonymous_0)
DA:16,1
DA:17,1
DA:18,1
DA:20,1
DA:22,1
DA:24,1
DA:101,1
LF:7
LH:7
BRDA:22,0,0,1
BRDA:22,0,1,0
BRDA:37,1,0,1
BRDA:37,1,1,0
BRDA:59,2,0,1
BRDA:59,2,1,0
BRDA:61,3,0,1
BRDA:61,3,1,1
BRDA:78,4,0,1
BRDA:78,4,1,0
BRF:10
BRH:6
end_of_record
TN:
SF:src/screens/private/Home/components/Historic.tsx
FN:14,(anonymous_0)
FN:36,(anonymous_1)
FN:43,(anonymous_2)
FN:54,(anonymous_3)
FNF:4
FNH:2
FNDA:1,(anonymous_0)
FNDA:0,(anonymous_1)
FNDA:0,(anonymous_2)
FNDA:2,(anonymous_3)
DA:14,1
DA:18,1
DA:19,1
DA:20,1
DA:23,1
DA:24,1
DA:26,1
DA:36,0
DA:43,0
DA:47,1
DA:55,2
DA:97,1
LF:12
LH:10
BRDA:23,0,0,0
BRDA:23,0,1,1
BRDA:77,1,0,1
BRDA:77,1,1,0
BRF:4
BRH:2
end_of_record
TN:
SF:src/screens/private/Withdraw/index.tsx
FN:20,(anonymous_0)
FN:36,(anonymous_1)
FN:59,(anonymous_2)
FN:82,(anonymous_3)
FNF:4
FNH:0
FNDA:0,(anonymous_0)
FNDA:0,(anonymous_1)
FNDA:0,(anonymous_2)
FNDA:0,(anonymous_3)
DA:20,0
DA:21,0
DA:23,0
DA:32,0
DA:36,0
DA:37,0
DA:39,0
DA:40,0
DA:46,0
DA:48,0
DA:49,0
DA:51,0
DA:52,0
DA:59,0
DA:60,0
DA:62,0
DA:65,0
DA:83,0
DA:116,0
LF:19
LH:0
BRDA:51,0,0,0
BRDA:51,0,1,0
BRDA:60,1,0,0
BRDA:60,1,1,0
BRDA:60,2,0,0
BRDA:60,2,1,0
BRF:6
BRH:0
end_of_record
TN:
SF:src/screens/private/Withdraw/schemas.ts
FN:7,(anonymous_0)
FNF:1
FNH:0
FNDA:0,(anonymous_0)
DA:3,0
DA:7,0
DA:12,0
LF:3
LH:0
BRF:0
BRH:0
end_of_record
TN:
SF:src/screens/private/WithdrawConfirmation/index.tsx
FN:14,(anonymous_0)
FN:45,(anonymous_1)
FNF:2
FNH:0
FNDA:0,(anonymous_0)
FNDA:0,(anonymous_1)
DA:14,0
DA:15,0
DA:17,0
DA:19,0
DA:21,0
DA:46,0
DA:57,0
LF:7
LH:0
BRF:0
BRH:0
end_of_record
TN:
SF:src/screens/public/Login/index.tsx
FN:16,(anonymous_0)
FN:28,(anonymous_1)
FN:64,(anonymous_2)
FN:84,(anonymous_3)
FNF:4
FNH:0
FNDA:0,(anonymous_0)
FNDA:0,(anonymous_1)
FNDA:0,(anonymous_2)
FNDA:0,(anonymous_3)
DA:16,0
DA:17,0
DA:24,0
DA:28,0
DA:29,0
DA:30,0
DA:35,0
DA:36,0
DA:38,0
DA:40,0
DA:41,0
DA:48,0
DA:65,0
DA:85,0
DA:110,0
LF:15
LH:0
BRDA:40,0,0,0
BRDA:40,0,1,0
BRF:2
BRH:0
end_of_record
TN:
SF:src/screens/public/Login/schemas.ts
FNF:0
FNH:0
DA:3,0
DA:9,0
LF:2
LH:0
BRF:0
BRH:0
end_of_record
